[01-Apr-2023 10:36:23 UTC] PHP Warning:  Undefined variable $name in /home/oaker/Local Sites/rabindras-firstswpapp/app/public/experiment.php on line 5
[01-Apr-2023 12:53:12 UTC] PHP Parse error:  syntax error, unexpected token "}", expecting ";" in /home/oaker/Local Sites/rabindras-firstswpapp/app/public/wp-content/themes/rabindras-theme/index.php on line 5
[01-Apr-2023 15:16:51 UTC] PHP Fatal error:  Uncaught Error: Call to undefined function blobinfo() in /home/oaker/Local Sites/rabindras-firstswpapp/app/public/wp-content/themes/rabindras-theme/index.php:15
Stack trace:
#0 /home/oaker/Local Sites/rabindras-firstswpapp/app/public/wp-includes/template-loader.php(106): include()
#1 /home/oaker/Local Sites/rabindras-firstswpapp/app/public/wp-blog-header.php(19): require_once('/home/oaker/Loc...')
#2 /home/oaker/Local Sites/rabindras-firstswpapp/app/public/index.php(17): require('/home/oaker/Loc...')
#3 {main}
  thrown in /home/oaker/Local Sites/rabindras-firstswpapp/app/public/wp-content/themes/rabindras-theme/index.php on line 15
[01-Apr-2023 15:17:01 UTC] PHP Fatal error:  Uncaught Error: Call to undefined function blobinfo() in /home/oaker/Local Sites/rabindras-firstswpapp/app/public/wp-content/themes/rabindras-theme/index.php:15
Stack trace:
#0 /home/oaker/Local Sites/rabindras-firstswpapp/app/public/wp-includes/template-loader.php(106): include()
#1 /home/oaker/Local Sites/rabindras-firstswpapp/app/public/wp-blog-header.php(19): require_once('/home/oaker/Loc...')
#2 /home/oaker/Local Sites/rabindras-firstswpapp/app/public/index.php(17): require('/home/oaker/Loc...')
#3 {main}
  thrown in /home/oaker/Local Sites/rabindras-firstswpapp/app/public/wp-content/themes/rabindras-theme/index.php on line 15
[01-Apr-2023 15:17:03 UTC] PHP Fatal error:  Uncaught Error: Call to undefined function blobinfo() in /home/oaker/Local Sites/rabindras-firstswpapp/app/public/wp-content/themes/rabindras-theme/index.php:15
Stack trace:
#0 /home/oaker/Local Sites/rabindras-firstswpapp/app/public/wp-includes/template-loader.php(106): include()
#1 /home/oaker/Local Sites/rabindras-firstswpapp/app/public/wp-blog-header.php(19): require_once('/home/oaker/Loc...')
#2 /home/oaker/Local Sites/rabindras-firstswpapp/app/public/index.php(17): require('/home/oaker/Loc...')
#3 {main}
  thrown in /home/oaker/Local Sites/rabindras-firstswpapp/app/public/wp-content/themes/rabindras-theme/index.php on line 15
[01-Apr-2023 15:17:05 UTC] PHP Fatal error:  Uncaught Error: Call to undefined function blobinfo() in /home/oaker/Local Sites/rabindras-firstswpapp/app/public/wp-content/themes/rabindras-theme/index.php:15
Stack trace:
#0 /home/oaker/Local Sites/rabindras-firstswpapp/app/public/wp-includes/template-loader.php(106): include()
#1 /home/oaker/Local Sites/rabindras-firstswpapp/app/public/wp-blog-header.php(19): require_once('/home/oaker/Loc...')
#2 /home/oaker/Local Sites/rabindras-firstswpapp/app/public/index.php(17): require('/home/oaker/Loc...')
#3 {main}
  thrown in /home/oaker/Local Sites/rabindras-firstswpapp/app/public/wp-content/themes/rabindras-theme/index.php on line 15
[01-Apr-2023 15:17:23 UTC] PHP Fatal error:  Uncaught Error: Call to undefined function blobinfo() in /home/oaker/Local Sites/rabindras-firstswpapp/app/public/wp-content/themes/rabindras-theme/index.php:15
Stack trace:
#0 /home/oaker/Local Sites/rabindras-firstswpapp/app/public/wp-includes/template-loader.php(106): include()
#1 /home/oaker/Local Sites/rabindras-firstswpapp/app/public/wp-blog-header.php(19): require_once('/home/oaker/Loc...')
#2 /home/oaker/Local Sites/rabindras-firstswpapp/app/public/index.php(17): require('/home/oaker/Loc...')
#3 {main}
  thrown in /home/oaker/Local Sites/rabindras-firstswpapp/app/public/wp-content/themes/rabindras-theme/index.php on line 15
[01-Apr-2023 15:17:25 UTC] PHP Fatal error:  Uncaught Error: Call to undefined function blobinfo() in /home/oaker/Local Sites/rabindras-firstswpapp/app/public/wp-content/themes/rabindras-theme/index.php:15
Stack trace:
#0 /home/oaker/Local Sites/rabindras-firstswpapp/app/public/wp-includes/template-loader.php(106): include()
#1 /home/oaker/Local Sites/rabindras-firstswpapp/app/public/wp-blog-header.php(19): require_once('/home/oaker/Loc...')
#2 /home/oaker/Local Sites/rabindras-firstswpapp/app/public/index.php(17): require('/home/oaker/Loc...')
#3 {main}
  thrown in /home/oaker/Local Sites/rabindras-firstswpapp/app/public/wp-content/themes/rabindras-theme/index.php on line 15
[01-Apr-2023 15:17:28 UTC] PHP Fatal error:  Uncaught Error: Call to undefined function blobinfo() in /home/oaker/Local Sites/rabindras-firstswpapp/app/public/wp-content/themes/rabindras-theme/index.php:15
Stack trace:
#0 /home/oaker/Local Sites/rabindras-firstswpapp/app/public/wp-includes/template-loader.php(106): include()
#1 /home/oaker/Local Sites/rabindras-firstswpapp/app/public/wp-blog-header.php(19): require_once('/home/oaker/Loc...')
#2 /home/oaker/Local Sites/rabindras-firstswpapp/app/public/index.php(17): require('/home/oaker/Loc...')
#3 {main}
  thrown in /home/oaker/Local Sites/rabindras-firstswpapp/app/public/wp-content/themes/rabindras-theme/index.php on line 15
[01-Apr-2023 15:18:03 UTC] PHP Warning:  An unexpected error occurred. Something may be wrong with WordPress.org or this server&#8217;s configuration. If you continue to have problems, please try the <a href="https://wordpress.org/support/forums/">support forums</a>. (WordPress could not establish a secure connection to WordPress.org. Please contact your server administrator.) in /home/oaker/Local Sites/rabindras-firstswpapp/app/public/wp-admin/includes/translation-install.php on line 68
[01-Apr-2023 15:18:29 UTC] PHP Warning:  An unexpected error occurred. Something may be wrong with WordPress.org or this server&#8217;s configuration. If you continue to have problems, please try the <a href="https://wordpress.org/support/forums/">support forums</a>. (WordPress could not establish a secure connection to WordPress.org. Please contact your server administrator.) in /home/oaker/Local Sites/rabindras-firstswpapp/app/public/wp-admin/includes/translation-install.php on line 68
[01-Apr-2023 15:21:59 UTC] PHP Warning:  An unexpected error occurred. Something may be wrong with WordPress.org or this server&#8217;s configuration. If you continue to have problems, please try the <a href="https://wordpress.org/support/forums/">support forums</a>. (WordPress could not establish a secure connection to WordPress.org. Please contact your server administrator.) in /home/oaker/Local Sites/rabindras-firstswpapp/app/public/wp-admin/includes/translation-install.php on line 68
[02-Apr-2023 02:27:52 UTC] PHP Fatal error:  Uncaught Error: Undefined constant "count" in /home/oaker/Local Sites/rabindras-firstswpapp/app/public/wp-content/themes/rabindras-theme/index.php:6
Stack trace:
#0 /home/oaker/Local Sites/rabindras-firstswpapp/app/public/wp-includes/template-loader.php(106): include()
#1 /home/oaker/Local Sites/rabindras-firstswpapp/app/public/wp-blog-header.php(19): require_once('/home/oaker/Loc...')
#2 /home/oaker/Local Sites/rabindras-firstswpapp/app/public/index.php(17): require('/home/oaker/Loc...')
#3 {main}
  thrown in /home/oaker/Local Sites/rabindras-firstswpapp/app/public/wp-content/themes/rabindras-theme/index.php on line 6
[02-Apr-2023 02:28:03 UTC] PHP Fatal error:  Uncaught Error: Undefined constant "count" in /home/oaker/Local Sites/rabindras-firstswpapp/app/public/wp-content/themes/rabindras-theme/index.php:6
Stack trace:
#0 /home/oaker/Local Sites/rabindras-firstswpapp/app/public/wp-includes/template-loader.php(106): include()
#1 /home/oaker/Local Sites/rabindras-firstswpapp/app/public/wp-blog-header.php(19): require_once('/home/oaker/Loc...')
#2 /home/oaker/Local Sites/rabindras-firstswpapp/app/public/index.php(17): require('/home/oaker/Loc...')
#3 {main}
  thrown in /home/oaker/Local Sites/rabindras-firstswpapp/app/public/wp-content/themes/rabindras-theme/index.php on line 6
[02-Apr-2023 02:28:57 UTC] PHP Fatal error:  Uncaught Error: Undefined constant "count" in /home/oaker/Local Sites/rabindras-firstswpapp/app/public/wp-content/themes/rabindras-theme/index.php:6
Stack trace:
#0 /home/oaker/Local Sites/rabindras-firstswpapp/app/public/wp-includes/template-loader.php(106): include()
#1 /home/oaker/Local Sites/rabindras-firstswpapp/app/public/wp-blog-header.php(19): require_once('/home/oaker/Loc...')
#2 /home/oaker/Local Sites/rabindras-firstswpapp/app/public/index.php(17): require('/home/oaker/Loc...')
#3 {main}
  thrown in /home/oaker/Local Sites/rabindras-firstswpapp/app/public/wp-content/themes/rabindras-theme/index.php on line 6
[02-Apr-2023 02:29:00 UTC] PHP Fatal error:  Uncaught Error: Undefined constant "count" in /home/oaker/Local Sites/rabindras-firstswpapp/app/public/wp-content/themes/rabindras-theme/index.php:6
Stack trace:
#0 /home/oaker/Local Sites/rabindras-firstswpapp/app/public/wp-includes/template-loader.php(106): include()
#1 /home/oaker/Local Sites/rabindras-firstswpapp/app/public/wp-blog-header.php(19): require_once('/home/oaker/Loc...')
#2 /home/oaker/Local Sites/rabindras-firstswpapp/app/public/index.php(17): require('/home/oaker/Loc...')
#3 {main}
  thrown in /home/oaker/Local Sites/rabindras-firstswpapp/app/public/wp-content/themes/rabindras-theme/index.php on line 6
[02-Apr-2023 02:31:09 UTC] PHP Fatal error:  Uncaught Error: Undefined constant "count" in /home/oaker/Local Sites/rabindras-firstswpapp/app/public/wp-content/themes/rabindras-theme/index.php:8
Stack trace:
#0 /home/oaker/Local Sites/rabindras-firstswpapp/app/public/wp-includes/template-loader.php(106): include()
#1 /home/oaker/Local Sites/rabindras-firstswpapp/app/public/wp-blog-header.php(19): require_once('/home/oaker/Loc...')
#2 /home/oaker/Local Sites/rabindras-firstswpapp/app/public/index.php(17): require('/home/oaker/Loc...')
#3 {main}
  thrown in /home/oaker/Local Sites/rabindras-firstswpapp/app/public/wp-content/themes/rabindras-theme/index.php on line 8
[02-Apr-2023 02:31:13 UTC] PHP Fatal error:  Uncaught Error: Undefined constant "count" in /home/oaker/Local Sites/rabindras-firstswpapp/app/public/wp-content/themes/rabindras-theme/index.php:8
Stack trace:
#0 /home/oaker/Local Sites/rabindras-firstswpapp/app/public/wp-includes/template-loader.php(106): include()
#1 /home/oaker/Local Sites/rabindras-firstswpapp/app/public/wp-blog-header.php(19): require_once('/home/oaker/Loc...')
#2 /home/oaker/Local Sites/rabindras-firstswpapp/app/public/index.php(17): require('/home/oaker/Loc...')
#3 {main}
  thrown in /home/oaker/Local Sites/rabindras-firstswpapp/app/public/wp-content/themes/rabindras-theme/index.php on line 8
[02-Apr-2023 02:33:16 UTC] PHP Warning:  Undefined array key 4 in /home/oaker/Local Sites/rabindras-firstswpapp/app/public/wp-content/themes/rabindras-theme/index.php on line 8
[02-Apr-2023 02:33:22 UTC] PHP Warning:  Undefined array key 4 in /home/oaker/Local Sites/rabindras-firstswpapp/app/public/wp-content/themes/rabindras-theme/index.php on line 8
[02-Apr-2023 02:33:59 UTC] PHP Warning:  Undefined array key 4 in /home/oaker/Local Sites/rabindras-firstswpapp/app/public/wp-content/themes/rabindras-theme/index.php on line 8
[02-Apr-2023 02:37:29 UTC] PHP Parse error:  syntax error, unexpected token "<" in /home/oaker/Local Sites/rabindras-firstswpapp/app/public/wp-content/themes/rabindras-theme/index.php on line 14
[02-Apr-2023 03:42:31 UTC] PHP Parse error:  syntax error, unexpected token "}" in /home/oaker/Local Sites/rabindras-firstswpapp/app/public/wp-content/themes/rabindras-theme/index.php on line 10
[02-Apr-2023 03:42:35 UTC] PHP Parse error:  syntax error, unexpected token "}" in /home/oaker/Local Sites/rabindras-firstswpapp/app/public/wp-content/themes/rabindras-theme/index.php on line 10
[02-Apr-2023 03:44:25 UTC] PHP Parse error:  Unclosed '{' on line 3 in /home/oaker/Local Sites/rabindras-firstswpapp/app/public/wp-content/themes/rabindras-theme/index.php on line 62
[02-Apr-2023 07:51:47 UTC] PHP Warning:  An unexpected error occurred. Something may be wrong with WordPress.org or this server&#8217;s configuration. If you continue to have problems, please try the <a href="https://wordpress.org/support/forums/">support forums</a>. (WordPress could not establish a secure connection to WordPress.org. Please contact your server administrator.) in /home/oaker/Local Sites/rabindras-firstswpapp/app/public/wp-admin/includes/translation-install.php on line 68
[02-Apr-2023 07:52:27 UTC] PHP Warning:  An unexpected error occurred. Something may be wrong with WordPress.org or this server&#8217;s configuration. If you continue to have problems, please try the <a href="https://wordpress.org/support/forums/">support forums</a>. (WordPress could not establish a secure connection to WordPress.org. Please contact your server administrator.) in /home/oaker/Local Sites/rabindras-firstswpapp/app/public/wp-admin/includes/translation-install.php on line 68
[02-Apr-2023 08:41:43 UTC] PHP Parse error:  syntax error, unexpected token "while" in /home/oaker/Local Sites/rabindras-firstswpapp/app/public/wp-content/themes/rabindras-theme/index.php on line 3
[02-Apr-2023 08:42:14 UTC] PHP Parse error:  syntax error, unexpected token "while" in /home/oaker/Local Sites/rabindras-firstswpapp/app/public/wp-content/themes/rabindras-theme/index.php on line 3
[02-Apr-2023 08:42:45 UTC] PHP Parse error:  syntax error, unexpected token "while" in /home/oaker/Local Sites/rabindras-firstswpapp/app/public/wp-content/themes/rabindras-theme/index.php on line 3
[02-Apr-2023 09:16:11 UTC] PHP Parse error:  syntax error, unexpected end of file in /home/oaker/Local Sites/rabindras-firstswpapp/app/public/wp-content/themes/rabindras-theme/functions.php on line 3
[02-Apr-2023 09:16:11 UTC] PHP Warning:  Trying to access array offset on value of type bool in /home/oaker/Local Sites/rabindras-firstswpapp/app/public/wp-includes/class-wp-recovery-mode-email-service.php on line 367
[02-Apr-2023 09:16:11 UTC] PHP Warning:  Trying to access array offset on value of type bool in /home/oaker/Local Sites/rabindras-firstswpapp/app/public/wp-includes/class-wp-recovery-mode-email-service.php on line 368
[02-Apr-2023 09:17:55 UTC] PHP Parse error:  syntax error, unexpected identifier "my_first_wpp_files" in /home/oaker/Local Sites/rabindras-firstswpapp/app/public/wp-content/themes/rabindras-theme/functions.php on line 3
[02-Apr-2023 09:17:56 UTC] PHP Parse error:  syntax error, unexpected identifier "my_first_wpp_files" in /home/oaker/Local Sites/rabindras-firstswpapp/app/public/wp-content/themes/rabindras-theme/functions.php on line 3
[02-Apr-2023 09:17:58 UTC] PHP Parse error:  syntax error, unexpected identifier "my_first_wpp_files" in /home/oaker/Local Sites/rabindras-firstswpapp/app/public/wp-content/themes/rabindras-theme/functions.php on line 3
[02-Apr-2023 09:17:59 UTC] PHP Parse error:  syntax error, unexpected identifier "my_first_wpp_files" in /home/oaker/Local Sites/rabindras-firstswpapp/app/public/wp-content/themes/rabindras-theme/functions.php on line 3
[02-Apr-2023 09:18:12 UTC] PHP Parse error:  syntax error, unexpected end of file in /home/oaker/Local Sites/rabindras-firstswpapp/app/public/wp-content/themes/rabindras-theme/functions.php on line 8
[02-Apr-2023 09:18:16 UTC] PHP Parse error:  syntax error, unexpected end of file in /home/oaker/Local Sites/rabindras-firstswpapp/app/public/wp-content/themes/rabindras-theme/functions.php on line 8
[02-Apr-2023 09:18:16 UTC] PHP Parse error:  syntax error, unexpected end of file in /home/oaker/Local Sites/rabindras-firstswpapp/app/public/wp-content/themes/rabindras-theme/functions.php on line 8
[02-Apr-2023 09:18:19 UTC] PHP Parse error:  syntax error, unexpected end of file in /home/oaker/Local Sites/rabindras-firstswpapp/app/public/wp-content/themes/rabindras-theme/functions.php on line 8
[02-Apr-2023 09:18:19 UTC] PHP Parse error:  syntax error, unexpected end of file in /home/oaker/Local Sites/rabindras-firstswpapp/app/public/wp-content/themes/rabindras-theme/functions.php on line 8
[02-Apr-2023 10:42:35 UTC] PHP Parse error:  syntax error, unexpected token "<", expecting end of file in /home/oaker/Local Sites/rabindras-firstswpapp/app/public/wp-content/themes/rabindras-theme/index.php on line 3
[02-Apr-2023 10:42:38 UTC] PHP Parse error:  syntax error, unexpected token "<", expecting end of file in /home/oaker/Local Sites/rabindras-firstswpapp/app/public/wp-content/themes/rabindras-theme/index.php on line 3
